Virtual User Script started at : 2/13/2017 2:26:21 PM
Starting action vuser_init.
vuser_init.c(3): Notify: Transaction "TransactionService_IsServiceHealthy" started.
vuser_init.c(5): Web service call "IsServiceHealthy_102" started
vuser_init.c(5): Web service call "IsServiceHealthy_102" was successful
vuser_init.c(17): Notify: Transaction "TransactionService_IsServiceHealthy" ended with a "Pass" status (Duration: 0.3460 Wasted Time: 0.2798).
Ending action vuser_init.
Running Vuser...
Starting iteration 1.
Starting action ProcessSalesOrder.
ProcessSalesOrder.c(3): Notify: Transaction "TransactionService_ProcessSalesOrder" started.
ProcessSalesOrder.c(5): Web service call "ProcessSalesOrder_101" started
ProcessSalesOrder.c(5): Web service call "ProcessSalesOrder_101" was successful
ProcessSalesOrder.c(133): Notify: Transaction "TransactionService_ProcessSalesOrder" ended with a "Pass" status (Duration: 0.7893 Wasted Time: 0.0369).
Ending action ProcessSalesOrder.
Ending iteration 1.
Ending Vuser...
Starting action vuser_end.
Ending action vuser_end.
Vuser Terminated.
Warning: Extension LrXml.dll reports error -1 on call to function ExtPerThreadTerminate
Warning: Vuser failed to terminate extension.
